<?xml version="1.0" encoding="UTF-8"?>
<!-- Generated by org.testng.reporters.JUnitReportReporter -->
<testsuite hostname="DESKTOP-4V3322R" failures="0" tests="1" name="RestAssurePackage.AddCustomer" time="2.056" errors="0" timestamp="2021-10-27T18:29:56 IST" skipped="0">
  <testcase classname="RestAssurePackage.AddCustomer" name="main" time="2.056"/>
  <system-out/>
</testsuite> <!-- RestAssurePackage.AddCustomer -->
