<?xml version="1.0" encoding="UTF-8"?>
<!-- Generated by org.testng.reporters.JUnitReportReporter -->
<testsuite hostname="DESKTOP-4V3322R" failures="0" tests="1" name="trainng.selenium.Day3.TestNG_1" time="0.009" errors="0" timestamp="2021-10-07T10:06:03 IST" skipped="0">
  <testcase classname="trainng.selenium.Day3.TestNG_1" name="testMethod" time="0.009"/>
  <system-out/>
</testsuite> <!-- trainng.selenium.Day3.TestNG_1 -->
