<?xml version="1.0" encoding="UTF-8"?>
<!-- Generated by org.testng.reporters.JUnitReportReporter -->
<testsuite hostname="DESKTOP-4V3322R" failures="0" tests="1" name="RestAssurePackage.RestAssuredAuthorization" time="2.023" errors="0" timestamp="2021-10-27T18:26:47 IST" skipped="0">
  <testcase classname="RestAssurePackage.RestAssuredAuthorization" name="main" time="2.023"/>
  <system-out/>
</testsuite> <!-- RestAssurePackage.RestAssuredAuthorization -->
