<?xml version="1.0" encoding="UTF-8"?>
<!-- Generated by org.testng.reporters.JUnitReportReporter -->
<testsuite hostname="DESKTOP-4V3322R" failures="0" tests="1" name="RestAssurePackage.LogoutTest" time="1.589" errors="0" timestamp="2021-10-27T18:31:38 IST" skipped="0">
  <testcase classname="RestAssurePackage.LogoutTest" name="main" time="1.589"/>
  <system-out/>
</testsuite> <!-- RestAssurePackage.LogoutTest -->
