<?xml version="1.0" encoding="UTF-8"?>
<!-- Generated by org.testng.reporters.JUnitReportReporter -->
<testsuite hostname="DESKTOP-4V3322R" failures="0" tests="1" name="RestAssurePackage.getCustomerDetails" time="1.655" errors="0" timestamp="2021-10-27T18:30:29 IST" skipped="0">
  <testcase classname="RestAssurePackage.getCustomerDetails" name="main" time="1.655"/>
  <system-out/>
</testsuite> <!-- RestAssurePackage.getCustomerDetails -->
