<?xml version="1.0" encoding="UTF-8"?>
<!-- Generated by org.testng.reporters.JUnitReportReporter -->
<testsuite hostname="DESKTOP-4V3322R" failures="0" tests="1" name="RestAssurePackage.LoginTest" time="1.618" errors="0" timestamp="2021-10-27T18:27:37 IST" skipped="0">
  <testcase classname="RestAssurePackage.LoginTest" name="main" time="1.618"/>
  <system-out/>
</testsuite> <!-- RestAssurePackage.LoginTest -->
